<?xml version="1.0" encoding="UTF-8" ?>
<testsuite tests="10" failures="0" name="TriangleTest" time="0.011" errors="0" skipped="0">
  <properties>
[...]
</properties>
  <testcase classname="TriangleTest" name="triangleIsEquilateralTest" time="0.007"/>
  <testcase classname="TriangleTest" name="trianglePerimeterShouldThrowExceptionWhenOneParameterIsMissingTest" time="0"/>
  <testcase classname="TriangleTest" name="trianglePerimeterShouldThrowExceptionWhenParametersAreNegativeTest" time="0"/>
  <testcase classname="TriangleTest" name="triangleIsScaleneTest" time="0"/>
  <testcase classname="TriangleTest" name="trianglePerimeterShouldBeCorrectWhenParametersAreProperTest" time="0"/>
  <testcase classname="TriangleTest" name="triangleIsIsoscelesTest" time="0.001"/>
  <testcase classname="TriangleTest" name="trianglePerimeterShouldThrowExceptionWhenOneParameterIsZeroTest" time="0.001"/>
  <testcase classname="TriangleTest" name="triangleHeightShouldThrowExceptionWhenOneParameterIsZeroTest" time="0.001"/>
  <testcase classname="TriangleTest" name="triangleHeightShouldBeCorrectWhenParametersAreProperTest" time="0"/>
  <testcase classname="TriangleTest" name="triangleHeightShouldThrowExceptionWhenParametersAreNegativeTest" time="0.001"/>
</testsuite>